<?xml version="1.0" encoding="UTF-8"?>
<!-- Generated by org.testng.reporters.JUnitReportReporter -->
<testsuite hostname="LAPTOP-UFMD7LB9" failures="0" tests="1" name="Katalon.Example1" time="18.285" errors="0" timestamp="2022-09-01T11:19:51 IST" skipped="0">
  <testcase classname="Katalon.Example1" name="testOrange" time="18.285"/>
  <system-out/>
</testsuite> <!-- Katalon.Example1 -->
