<?xml version="1.0" encoding="UTF-8"?>
<!-- Generated by org.testng.reporters.JUnitReportReporter -->
<testsuite hostname="LAPTOP-UFMD7LB9" failures="0" tests="5" name="Groups.Groups" time="0.011" errors="0" timestamp="2022-08-30T16:39:40 IST" skipped="0">
  <testcase classname="Groups.Groups" name="test2" time="0.003"/>
  <system-out/>
  <testcase classname="Groups.Groups" name="test5" time="0.003"/>
  <system-out/>
  <testcase classname="Groups.Groups" name="test1" time="0.001"/>
  <system-out/>
  <testcase classname="Groups.Groups" name="test3" time="0.002"/>
  <system-out/>
  <testcase classname="Groups.Groups" name="test4" time="0.002"/>
  <system-out/>
</testsuite> <!-- Groups.Groups -->
