<?xml version="1.0" encoding="UTF-8"?>
<!-- Generated by org.testng.reporters.JUnitReportReporter -->
<testsuite hostname="LAPTOP-UFMD7LB9" failures="0" tests="3" name="TestNGListeners.TestNGListenersTest" time="0.039" errors="0" timestamp="2022-08-29T21:29:45 IST" skipped="0">
  <testcase classname="TestNGListeners.TestNGListenersTest" name="test1" time="0.014"/>
  <system-out/>
  <testcase classname="TestNGListeners.TestNGListenersTest" name="test3" time="0.024"/>
  <system-out/>
  <testcase classname="TestNGListeners.TestNGListenersTest" name="test2" time="0.001"/>
  <system-out/>
</testsuite> <!-- TestNGListeners.TestNGListenersTest -->
