<?xml version="1.0" encoding="UTF-8"?>
<!-- Generated by org.testng.reporters.JUnitReportReporter -->
<testsuite hostname="LAPTOP-UFMD7LB9" failures="0" tests="1" name="Test.NewTestNG2" time="4.827" errors="0" timestamp="2022-08-27T21:02:13 IST" skipped="0">
  <testcase classname="Test.NewTestNG2" name="GoogleSearch3" time="4.827"/>
  <system-out/>
</testsuite> <!-- Test.NewTestNG2 -->
