<?xml version="1.0" encoding="UTF-8"?>
<!-- Generated by org.testng.reporters.JUnitReportReporter -->
<testsuite hostname="LAPTOP-UFMD7LB9" failures="0" tests="1" name="Test.NewTestNG" time="9.391" errors="0" timestamp="2022-08-31T13:31:42 IST" skipped="0">
  <testcase classname="Test.NewTestNG" name="GoogleSearch" time="9.391"/>
  <system-out/>
</testsuite> <!-- Test.NewTestNG -->
