<?xml version="1.0" encoding="UTF-8"?>
<!-- Generated by org.testng.reporters.JUnitReportReporter -->
<testsuite hostname="LAPTOP-UFMD7LB9" failures="0" tests="2" name="Excel.DataProvider" time="0.016" errors="0" timestamp="2022-08-29T15:34:58 IST" skipped="0">
  <testcase classname="Excel.DataProvider" name="test1" time="0.014"/>
  <system-out/>
  <testcase classname="Excel.DataProvider" name="test1" time="0.002"/>
  <system-out/>
</testsuite> <!-- Excel.DataProvider -->
