<?xml version="1.0" encoding="UTF-8"?>
<!-- Generated by org.testng.reporters.JUnitReportReporter -->
<testsuite hostname="LAPTOP-UFMD7LB9" failures="0" tests="1" name="Headless.Headless" time="7.495" errors="0" timestamp="2022-09-01T13:21:56 IST" skipped="0">
  <testcase classname="Headless.Headless" name="test" time="7.495"/>
  <system-out/>
</testsuite> <!-- Headless.Headless -->
