<?xml version="1.0" encoding="UTF-8"?>
<!-- Generated by org.testng.reporters.JUnitReportReporter -->
<testsuite hostname="LAPTOP-UFMD7LB9" failures="0" tests="1" name="ParallelBrowser.TestNGMultipleBrowser" time="9.589" errors="0" timestamp="2022-08-30T15:39:29 IST" skipped="0">
  <testcase classname="ParallelBrowser.TestNGMultipleBrowser" name="test" time="9.589"/>
  <system-out/>
</testsuite> <!-- ParallelBrowser.TestNGMultipleBrowser -->
